{"D:\\Typescript-Project\\game\\server\\index.js": {"path":"D:\\Typescript-Project\\game\\server\\index.js","statementMap":{"0":{"start":{"line":3,"column":12},"end":{"line":3,"column":21}},"1":{"start":{"line":10,"column":15},"end":{"line":10,"column":34}},"2":{"start":{"line":11,"column":17},"end":{"line":11,"column":48}},"3":{"start":{"line":16,"column":0},"end":{"line":16,"column":24}},"4":{"start":{"line":17,"column":0},"end":{"line":17,"column":16}},"5":{"start":{"line":21,"column":0},"end":{"line":21,"column":28}},"6":{"start":{"line":27,"column":0},"end":{"line":34,"column":2}},"7":{"start":{"line":28,"column":4},"end":{"line":33,"column":6}},"8":{"start":{"line":29,"column":8},"end":{"line":32,"column":9}},"9":{"start":{"line":30,"column":12},"end":{"line":30,"column":29}},"10":{"start":{"line":31,"column":12},"end":{"line":31,"column":19}},"11":{"start":{"line":38,"column":0},"end":{"line":40,"column":2}},"12":{"start":{"line":39,"column":4},"end":{"line":39,"column":36}},"13":{"start":{"line":46,"column":13},"end":{"line":46,"column":17}},"14":{"start":{"line":47,"column":0},"end":{"line":49,"column":3}},"15":{"start":{"line":48,"column":4},"end":{"line":48,"column":63}},"16":{"start":{"line":52,"column":0},"end":{"line":57,"column":3}},"17":{"start":{"line":53,"column":19},"end":{"line":53,"column":27}},"18":{"start":{"line":54,"column":4},"end":{"line":54,"column":65}},"19":{"start":{"line":54,"column":32},"end":{"line":54,"column":63}},"20":{"start":{"line":55,"column":4},"end":{"line":55,"column":84}},"21":{"start":{"line":55,"column":42},"end":{"line":55,"column":82}},"22":{"start":{"line":56,"column":4},"end":{"line":56,"column":59}},"23":{"start":{"line":56,"column":33},"end":{"line":56,"column":57}}},"fnMap":{"0":{"name":"(anonymous_0)","decl":{"start":{"line":27,"column":16},"end":{"line":27,"column":17}},"loc":{"start":{"line":27,"column":26},"end":{"line":34,"column":1}},"line":27},"1":{"name":"(anonymous_1)","decl":{"start":{"line":28,"column":29},"end":{"line":28,"column":30}},"loc":{"start":{"line":28,"column":41},"end":{"line":33,"column":5}},"line":28},"2":{"name":"(anonymous_2)","decl":{"start":{"line":38,"column":17},"end":{"line":38,"column":18}},"loc":{"start":{"line":38,"column":29},"end":{"line":40,"column":1}},"line":38},"3":{"name":"(anonymous_3)","decl":{"start":{"line":47,"column":20},"end":{"line":47,"column":21}},"loc":{"start":{"line":47,"column":26},"end":{"line":49,"column":1}},"line":47},"4":{"name":"(anonymous_4)","decl":{"start":{"line":52,"column":26},"end":{"line":52,"column":27}},"loc":{"start":{"line":52,"column":48},"end":{"line":57,"column":1}},"line":52},"5":{"name":"(anonymous_5)","decl":{"start":{"line":54,"column":26},"end":{"line":54,"column":27}},"loc":{"start":{"line":54,"column":32},"end":{"line":54,"column":63}},"line":54},"6":{"name":"(anonymous_6)","decl":{"start":{"line":55,"column":29},"end":{"line":55,"column":30}},"loc":{"start":{"line":55,"column":42},"end":{"line":55,"column":82}},"line":55},"7":{"name":"(anonymous_7)","decl":{"start":{"line":56,"column":27},"end":{"line":56,"column":28}},"loc":{"start":{"line":56,"column":33},"end":{"line":56,"column":57}},"line":56}},"branchMap":{"0":{"loc":{"start":{"line":29,"column":8},"end":{"line":32,"column":9}},"type":"if","locations":[{"start":{"line":29,"column":8},"end":{"line":32,"column":9}},{"start":{},"end":{}}],"line":29}},"s":{"0":1,"1":1,"2":1,"3":1,"4":1,"5":1,"6":1,"7":3,"8":0,"9":0,"10":0,"11":1,"12":1,"13":1,"14":1,"15":1,"16":1,"17":0,"18":0,"19":0,"20":0,"21":0,"22":0,"23":0},"f":{"0":3,"1":0,"2":1,"3":1,"4":0,"5":0,"6":0,"7":0},"b":{"0":[0,0]},"_coverageSchema":"1a1c01bbd47fc00a2c39e90264f33305004495a9","hash":"b178112eb107fe9e039cb4582091fcbfaf4d3b87"}
,"D:\\Typescript-Project\\game\\server\\DB\\createTable.js": {"path":"D:\\Typescript-Project\\game\\server\\DB\\createTable.js","statementMap":{"0":{"start":{"line":3,"column":18},"end":{"line":8,"column":2}}},"fnMap":{},"branchMap":{},"s":{"0":1},"f":{},"b":{},"_coverageSchema":"1a1c01bbd47fc00a2c39e90264f33305004495a9","hash":"15e40e1549feaeaac20b5430d7a61079b481760a"}
,"D:\\Typescript-Project\\game\\server\\DB\\initial-queries.js": {"path":"D:\\Typescript-Project\\game\\server\\DB\\initial-queries.js","statementMap":{"0":{"start":{"line":1,"column":23},"end":{"line":40,"column":1}}},"fnMap":{},"branchMap":{},"s":{"0":1},"f":{},"b":{},"_coverageSchema":"1a1c01bbd47fc00a2c39e90264f33305004495a9","hash":"8fdf0f3dae6e9827bfec4ba320a74ccee9c4b282"}
,"D:\\Typescript-Project\\game\\server\\controller\\auth.js": {"path":"D:\\Typescript-Project\\game\\server\\controller\\auth.js","statementMap":{"0":{"start":{"line":94,"column":24},"end":{"line":129,"column":1}},"1":{"start":{"line":96,"column":12},"end":{"line":96,"column":49}},"2":{"start":{"line":97,"column":2},"end":{"line":97,"column":21}},"3":{"start":{"line":98,"column":2},"end":{"line":98,"column":24}},"4":{"start":{"line":101,"column":2},"end":{"line":127,"column":3}},"5":{"start":{"line":102,"column":19},"end":{"line":102,"column":54}},"6":{"start":{"line":104,"column":4},"end":{"line":104,"column":24}},"7":{"start":{"line":105,"column":4},"end":{"line":105,"column":24}},"8":{"start":{"line":106,"column":4},"end":{"line":106,"column":74}},"9":{"start":{"line":106,"column":23},"end":{"line":106,"column":74}},"10":{"start":{"line":107,"column":4},"end":{"line":107,"column":24}},"11":{"start":{"line":108,"column":17},"end":{"line":108,"column":39}},"12":{"start":{"line":109,"column":4},"end":{"line":109,"column":24}},"13":{"start":{"line":111,"column":4},"end":{"line":111,"column":31}},"14":{"start":{"line":112,"column":17},"end":{"line":112,"column":57}},"15":{"start":{"line":113,"column":4},"end":{"line":113,"column":30}},"16":{"start":{"line":114,"column":15},"end":{"line":114,"column":23}},"17":{"start":{"line":115,"column":4},"end":{"line":115,"column":23}},"18":{"start":{"line":117,"column":15},"end":{"line":117,"column":87}},"19":{"start":{"line":118,"column":17},"end":{"line":118,"column":20}},"20":{"start":{"line":120,"column":19},"end":{"line":120,"column":66}},"21":{"start":{"line":121,"column":20},"end":{"line":121,"column":46}},"22":{"start":{"line":122,"column":4},"end":{"line":122,"column":50}},"23":{"start":{"line":125,"column":4},"end":{"line":125,"column":33}},"24":{"start":{"line":126,"column":4},"end":{"line":126,"column":39}},"25":{"start":{"line":132,"column":21},"end":{"line":162,"column":1}},"26":{"start":{"line":136,"column":12},"end":{"line":136,"column":49}},"27":{"start":{"line":138,"column":2},"end":{"line":161,"column":5}},"28":{"start":{"line":139,"column":4},"end":{"line":139,"column":46}},"29":{"start":{"line":139,"column":13},"end":{"line":139,"column":46}},"30":{"start":{"line":140,"column":4},"end":{"line":140,"column":74}},"31":{"start":{"line":140,"column":27},"end":{"line":140,"column":74}},"32":{"start":{"line":144,"column":30},"end":{"line":147,"column":5}},"33":{"start":{"line":149,"column":4},"end":{"line":150,"column":58}},"34":{"start":{"line":150,"column":6},"end":{"line":150,"column":58}},"35":{"start":{"line":152,"column":18},"end":{"line":152,"column":103}},"36":{"start":{"line":153,"column":34},"end":{"line":153,"column":41}},"37":{"start":{"line":155,"column":4},"end":{"line":160,"column":18}},"38":{"start":{"line":164,"column":22},"end":{"line":169,"column":1}},"39":{"start":{"line":165,"column":2},"end":{"line":168,"column":50}},"40":{"start":{"line":171,"column":26},"end":{"line":206,"column":1}},"41":{"start":{"line":173,"column":2},"end":{"line":173,"column":28}},"42":{"start":{"line":174,"column":2},"end":{"line":174,"column":24}},"43":{"start":{"line":175,"column":13},"end":{"line":175,"column":26}},"44":{"start":{"line":176,"column":13},"end":{"line":176,"column":18}},"45":{"start":{"line":178,"column":2},"end":{"line":178,"column":28}},"46":{"start":{"line":178,"column":16},"end":{"line":178,"column":28}},"47":{"start":{"line":180,"column":12},"end":{"line":180,"column":52}},"48":{"start":{"line":182,"column":2},"end":{"line":204,"column":4}},"49":{"start":{"line":183,"column":4},"end":{"line":183,"column":46}},"50":{"start":{"line":183,"column":13},"end":{"line":183,"column":46}},"51":{"start":{"line":184,"column":4},"end":{"line":184,"column":74}},"52":{"start":{"line":184,"column":27},"end":{"line":184,"column":74}},"53":{"start":{"line":186,"column":22},"end":{"line":186,"column":34}},"54":{"start":{"line":188,"column":4},"end":{"line":194,"column":5}},"55":{"start":{"line":189,"column":6},"end":{"line":189,"column":19}},"56":{"start":{"line":190,"column":6},"end":{"line":192,"column":7}},"57":{"start":{"line":191,"column":8},"end":{"line":191,"column":71}},"58":{"start":{"line":193,"column":6},"end":{"line":193,"column":19}},"59":{"start":{"line":197,"column":14},"end":{"line":197,"column":54}},"60":{"start":{"line":198,"column":4},"end":{"line":202,"column":6}},"61":{"start":{"line":199,"column":6},"end":{"line":199,"column":48}},"62":{"start":{"line":199,"column":15},"end":{"line":199,"column":48}},"63":{"start":{"line":200,"column":6},"end":{"line":200,"column":56}},"64":{"start":{"line":207,"column":34},"end":{"line":218,"column":1}},"65":{"start":{"line":208,"column":2},"end":{"line":208,"column":32}},"66":{"start":{"line":210,"column":12},"end":{"line":211,"column":114}},"67":{"start":{"line":213,"column":2},"end":{"line":217,"column":4}},"68":{"start":{"line":214,"column":4},"end":{"line":214,"column":46}},"69":{"start":{"line":214,"column":13},"end":{"line":214,"column":46}},"70":{"start":{"line":216,"column":4},"end":{"line":216,"column":31}},"71":{"start":{"line":220,"column":23},"end":{"line":229,"column":1}},"72":{"start":{"line":222,"column":12},"end":{"line":222,"column":50}},"73":{"start":{"line":224,"column":2},"end":{"line":228,"column":4}},"74":{"start":{"line":225,"column":4},"end":{"line":225,"column":46}},"75":{"start":{"line":225,"column":13},"end":{"line":225,"column":46}},"76":{"start":{"line":227,"column":4},"end":{"line":227,"column":39}},"77":{"start":{"line":232,"column":24},"end":{"line":276,"column":1}},"78":{"start":{"line":234,"column":2},"end":{"line":234,"column":24}},"79":{"start":{"line":235,"column":18},"end":{"line":242,"column":3}},"80":{"start":{"line":244,"column":21},"end":{"line":244,"column":58}},"81":{"start":{"line":245,"column":2},"end":{"line":271,"column":4}},"82":{"start":{"line":246,"column":4},"end":{"line":246,"column":34}},"83":{"start":{"line":246,"column":13},"end":{"line":246,"column":34}},"84":{"start":{"line":248,"column":4},"end":{"line":269,"column":5}},"85":{"start":{"line":249,"column":16},"end":{"line":249,"column":120}},"86":{"start":{"line":251,"column":6},"end":{"line":268,"column":8}},"87":{"start":{"line":253,"column":8},"end":{"line":253,"column":50}},"88":{"start":{"line":253,"column":17},"end":{"line":253,"column":50}},"89":{"start":{"line":255,"column":8},"end":{"line":266,"column":43}},"90":{"start":{"line":256,"column":19},"end":{"line":256,"column":27}},"91":{"start":{"line":257,"column":21},"end":{"line":257,"column":101}},"92":{"start":{"line":258,"column":10},"end":{"line":264,"column":12}},"93":{"start":{"line":260,"column":12},"end":{"line":260,"column":42}},"94":{"start":{"line":260,"column":21},"end":{"line":260,"column":42}},"95":{"start":{"line":262,"column":12},"end":{"line":262,"column":71}},"96":{"start":{"line":266,"column":10},"end":{"line":266,"column":43}},"97":{"start":{"line":279,"column":24},"end":{"line":308,"column":1}},"98":{"start":{"line":281,"column":12},"end":{"line":281,"column":49}},"99":{"start":{"line":282,"column":2},"end":{"line":307,"column":4}},"100":{"start":{"line":283,"column":4},"end":{"line":283,"column":27}},"101":{"start":{"line":283,"column":13},"end":{"line":283,"column":27}},"102":{"start":{"line":285,"column":4},"end":{"line":285,"column":79}},"103":{"start":{"line":285,"column":27},"end":{"line":285,"column":79}},"104":{"start":{"line":287,"column":26},"end":{"line":287,"column":47}},"105":{"start":{"line":288,"column":26},"end":{"line":288,"column":47}},"106":{"start":{"line":289,"column":23},"end":{"line":289,"column":41}},"107":{"start":{"line":290,"column":23},"end":{"line":290,"column":41}},"108":{"start":{"line":291,"column":17},"end":{"line":291,"column":29}},"109":{"start":{"line":292,"column":18},"end":{"line":292,"column":59}},"110":{"start":{"line":293,"column":18},"end":{"line":293,"column":20}},"111":{"start":{"line":294,"column":4},"end":{"line":298,"column":5}},"112":{"start":{"line":295,"column":6},"end":{"line":295,"column":30}},"113":{"start":{"line":296,"column":11},"end":{"line":298,"column":5}},"114":{"start":{"line":297,"column":6},"end":{"line":297,"column":31}},"115":{"start":{"line":300,"column":4},"end":{"line":305,"column":6}},"116":{"start":{"line":301,"column":6},"end":{"line":301,"column":36}},"117":{"start":{"line":301,"column":15},"end":{"line":301,"column":36}},"118":{"start":{"line":302,"column":20},"end":{"line":302,"column":35}},"119":{"start":{"line":304,"column":6},"end":{"line":304,"column":105}},"120":{"start":{"line":311,"column":26},"end":{"line":442,"column":1}},"121":{"start":{"line":312,"column":14},"end":{"line":312,"column":27}},"122":{"start":{"line":313,"column":2},"end":{"line":314,"column":65}},"123":{"start":{"line":313,"column":26},"end":{"line":313,"column":52}},"124":{"start":{"line":314,"column":7},"end":{"line":314,"column":65}},"125":{"start":{"line":314,"column":35},"end":{"line":314,"column":65}},"126":{"start":{"line":316,"column":16},"end":{"line":316,"column":30}},"127":{"start":{"line":317,"column":10},"end":{"line":317,"column":14}},"128":{"start":{"line":319,"column":2},"end":{"line":434,"column":3}},"129":{"start":{"line":320,"column":4},"end":{"line":374,"column":5}},"130":{"start":{"line":321,"column":6},"end":{"line":335,"column":45}},"131":{"start":{"line":338,"column":9},"end":{"line":374,"column":5}},"132":{"start":{"line":339,"column":6},"end":{"line":353,"column":43}},"133":{"start":{"line":357,"column":6},"end":{"line":371,"column":43}},"134":{"start":{"line":379,"column":4},"end":{"line":433,"column":5}},"135":{"start":{"line":380,"column":6},"end":{"line":394,"column":45}},"136":{"start":{"line":397,"column":9},"end":{"line":433,"column":5}},"137":{"start":{"line":398,"column":6},"end":{"line":412,"column":43}},"138":{"start":{"line":416,"column":6},"end":{"line":430,"column":43}},"139":{"start":{"line":435,"column":2},"end":{"line":440,"column":4}},"140":{"start":{"line":436,"column":4},"end":{"line":436,"column":34}},"141":{"start":{"line":436,"column":13},"end":{"line":436,"column":34}},"142":{"start":{"line":438,"column":4},"end":{"line":438,"column":38}}},"fnMap":{"0":{"name":"(anonymous_0)","decl":{"start":{"line":94,"column":24},"end":{"line":94,"column":25}},"loc":{"start":{"line":94,"column":44},"end":{"line":129,"column":1}},"line":94},"1":{"name":"(anonymous_1)","decl":{"start":{"line":132,"column":21},"end":{"line":132,"column":22}},"loc":{"start":{"line":132,"column":35},"end":{"line":162,"column":1}},"line":132},"2":{"name":"(anonymous_2)","decl":{"start":{"line":138,"column":32},"end":{"line":138,"column":33}},"loc":{"start":{"line":138,"column":47},"end":{"line":161,"column":3}},"line":138},"3":{"name":"(anonymous_3)","decl":{"start":{"line":164,"column":22},"end":{"line":164,"column":23}},"loc":{"start":{"line":164,"column":36},"end":{"line":169,"column":1}},"line":164},"4":{"name":"(anonymous_4)","decl":{"start":{"line":171,"column":26},"end":{"line":171,"column":27}},"loc":{"start":{"line":171,"column":40},"end":{"line":206,"column":1}},"line":171},"5":{"name":"(anonymous_5)","decl":{"start":{"line":182,"column":32},"end":{"line":182,"column":33}},"loc":{"start":{"line":182,"column":47},"end":{"line":204,"column":3}},"line":182},"6":{"name":"(anonymous_6)","decl":{"start":{"line":198,"column":52},"end":{"line":198,"column":53}},"loc":{"start":{"line":198,"column":67},"end":{"line":202,"column":5}},"line":198},"7":{"name":"(anonymous_7)","decl":{"start":{"line":207,"column":34},"end":{"line":207,"column":35}},"loc":{"start":{"line":207,"column":48},"end":{"line":218,"column":1}},"line":207},"8":{"name":"(anonymous_8)","decl":{"start":{"line":213,"column":18},"end":{"line":213,"column":19}},"loc":{"start":{"line":213,"column":33},"end":{"line":217,"column":3}},"line":213},"9":{"name":"(anonymous_9)","decl":{"start":{"line":220,"column":23},"end":{"line":220,"column":24}},"loc":{"start":{"line":220,"column":37},"end":{"line":229,"column":1}},"line":220},"10":{"name":"(anonymous_10)","decl":{"start":{"line":224,"column":32},"end":{"line":224,"column":33}},"loc":{"start":{"line":224,"column":47},"end":{"line":228,"column":3}},"line":224},"11":{"name":"(anonymous_11)","decl":{"start":{"line":232,"column":24},"end":{"line":232,"column":25}},"loc":{"start":{"line":232,"column":38},"end":{"line":276,"column":1}},"line":232},"12":{"name":"(anonymous_12)","decl":{"start":{"line":245,"column":43},"end":{"line":245,"column":44}},"loc":{"start":{"line":245,"column":58},"end":{"line":271,"column":3}},"line":245},"13":{"name":"(anonymous_13)","decl":{"start":{"line":251,"column":27},"end":{"line":251,"column":28}},"loc":{"start":{"line":251,"column":39},"end":{"line":268,"column":7}},"line":251},"14":{"name":"(anonymous_14)","decl":{"start":{"line":258,"column":123},"end":{"line":258,"column":124}},"loc":{"start":{"line":258,"column":135},"end":{"line":264,"column":11}},"line":258},"15":{"name":"(anonymous_15)","decl":{"start":{"line":279,"column":24},"end":{"line":279,"column":25}},"loc":{"start":{"line":279,"column":38},"end":{"line":308,"column":1}},"line":279},"16":{"name":"(anonymous_16)","decl":{"start":{"line":282,"column":34},"end":{"line":282,"column":35}},"loc":{"start":{"line":282,"column":49},"end":{"line":307,"column":3}},"line":282},"17":{"name":"(anonymous_17)","decl":{"start":{"line":300,"column":29},"end":{"line":300,"column":30}},"loc":{"start":{"line":300,"column":46},"end":{"line":305,"column":5}},"line":300},"18":{"name":"(anonymous_18)","decl":{"start":{"line":311,"column":26},"end":{"line":311,"column":27}},"loc":{"start":{"line":311,"column":40},"end":{"line":442,"column":1}},"line":311},"19":{"name":"(anonymous_19)","decl":{"start":{"line":435,"column":23},"end":{"line":435,"column":24}},"loc":{"start":{"line":435,"column":38},"end":{"line":440,"column":3}},"line":435}},"branchMap":{"0":{"loc":{"start":{"line":106,"column":4},"end":{"line":106,"column":74}},"type":"if","locations":[{"start":{"line":106,"column":4},"end":{"line":106,"column":74}},{"start":{},"end":{}}],"line":106},"1":{"loc":{"start":{"line":139,"column":4},"end":{"line":139,"column":46}},"type":"if","locations":[{"start":{"line":139,"column":4},"end":{"line":139,"column":46}},{"start":{},"end":{}}],"line":139},"2":{"loc":{"start":{"line":140,"column":4},"end":{"line":140,"column":74}},"type":"if","locations":[{"start":{"line":140,"column":4},"end":{"line":140,"column":74}},{"start":{},"end":{}}],"line":140},"3":{"loc":{"start":{"line":149,"column":4},"end":{"line":150,"column":58}},"type":"if","locations":[{"start":{"line":149,"column":4},"end":{"line":150,"column":58}},{"start":{},"end":{}}],"line":149},"4":{"loc":{"start":{"line":178,"column":2},"end":{"line":178,"column":28}},"type":"if","locations":[{"start":{"line":178,"column":2},"end":{"line":178,"column":28}},{"start":{},"end":{}}],"line":178},"5":{"loc":{"start":{"line":183,"column":4},"end":{"line":183,"column":46}},"type":"if","locations":[{"start":{"line":183,"column":4},"end":{"line":183,"column":46}},{"start":{},"end":{}}],"line":183},"6":{"loc":{"start":{"line":184,"column":4},"end":{"line":184,"column":74}},"type":"if","locations":[{"start":{"line":184,"column":4},"end":{"line":184,"column":74}},{"start":{},"end":{}}],"line":184},"7":{"loc":{"start":{"line":188,"column":4},"end":{"line":194,"column":5}},"type":"if","locations":[{"start":{"line":188,"column":4},"end":{"line":194,"column":5}},{"start":{},"end":{}}],"line":188},"8":{"loc":{"start":{"line":190,"column":6},"end":{"line":192,"column":7}},"type":"if","locations":[{"start":{"line":190,"column":6},"end":{"line":192,"column":7}},{"start":{},"end":{}}],"line":190},"9":{"loc":{"start":{"line":199,"column":6},"end":{"line":199,"column":48}},"type":"if","locations":[{"start":{"line":199,"column":6},"end":{"line":199,"column":48}},{"start":{},"end":{}}],"line":199},"10":{"loc":{"start":{"line":214,"column":4},"end":{"line":214,"column":46}},"type":"if","locations":[{"start":{"line":214,"column":4},"end":{"line":214,"column":46}},{"start":{},"end":{}}],"line":214},"11":{"loc":{"start":{"line":225,"column":4},"end":{"line":225,"column":46}},"type":"if","locations":[{"start":{"line":225,"column":4},"end":{"line":225,"column":46}},{"start":{},"end":{}}],"line":225},"12":{"loc":{"start":{"line":246,"column":4},"end":{"line":246,"column":34}},"type":"if","locations":[{"start":{"line":246,"column":4},"end":{"line":246,"column":34}},{"start":{},"end":{}}],"line":246},"13":{"loc":{"start":{"line":248,"column":4},"end":{"line":269,"column":5}},"type":"if","locations":[{"start":{"line":248,"column":4},"end":{"line":269,"column":5}},{"start":{},"end":{}}],"line":248},"14":{"loc":{"start":{"line":253,"column":8},"end":{"line":253,"column":50}},"type":"if","locations":[{"start":{"line":253,"column":8},"end":{"line":253,"column":50}},{"start":{},"end":{}}],"line":253},"15":{"loc":{"start":{"line":255,"column":8},"end":{"line":266,"column":43}},"type":"if","locations":[{"start":{"line":255,"column":8},"end":{"line":266,"column":43}},{"start":{"line":266,"column":10},"end":{"line":266,"column":43}}],"line":255},"16":{"loc":{"start":{"line":260,"column":12},"end":{"line":260,"column":42}},"type":"if","locations":[{"start":{"line":260,"column":12},"end":{"line":260,"column":42}},{"start":{},"end":{}}],"line":260},"17":{"loc":{"start":{"line":283,"column":4},"end":{"line":283,"column":27}},"type":"if","locations":[{"start":{"line":283,"column":4},"end":{"line":283,"column":27}},{"start":{},"end":{}}],"line":283},"18":{"loc":{"start":{"line":285,"column":4},"end":{"line":285,"column":79}},"type":"if","locations":[{"start":{"line":285,"column":4},"end":{"line":285,"column":79}},{"start":{},"end":{}}],"line":285},"19":{"loc":{"start":{"line":294,"column":4},"end":{"line":298,"column":5}},"type":"if","locations":[{"start":{"line":294,"column":4},"end":{"line":298,"column":5}},{"start":{"line":296,"column":11},"end":{"line":298,"column":5}}],"line":294},"20":{"loc":{"start":{"line":296,"column":11},"end":{"line":298,"column":5}},"type":"if","locations":[{"start":{"line":296,"column":11},"end":{"line":298,"column":5}},{"start":{},"end":{}}],"line":296},"21":{"loc":{"start":{"line":301,"column":6},"end":{"line":301,"column":36}},"type":"if","locations":[{"start":{"line":301,"column":6},"end":{"line":301,"column":36}},{"start":{},"end":{}}],"line":301},"22":{"loc":{"start":{"line":313,"column":2},"end":{"line":314,"column":65}},"type":"if","locations":[{"start":{"line":313,"column":2},"end":{"line":314,"column":65}},{"start":{"line":314,"column":7},"end":{"line":314,"column":65}}],"line":313},"23":{"loc":{"start":{"line":314,"column":7},"end":{"line":314,"column":65}},"type":"if","locations":[{"start":{"line":314,"column":7},"end":{"line":314,"column":65}},{"start":{},"end":{}}],"line":314},"24":{"loc":{"start":{"line":319,"column":2},"end":{"line":434,"column":3}},"type":"if","locations":[{"start":{"line":319,"column":2},"end":{"line":434,"column":3}},{"start":{"line":376,"column":7},"end":{"line":434,"column":3}}],"line":319},"25":{"loc":{"start":{"line":320,"column":4},"end":{"line":374,"column":5}},"type":"if","locations":[{"start":{"line":320,"column":4},"end":{"line":374,"column":5}},{"start":{"line":338,"column":9},"end":{"line":374,"column":5}}],"line":320},"26":{"loc":{"start":{"line":338,"column":9},"end":{"line":374,"column":5}},"type":"if","locations":[{"start":{"line":338,"column":9},"end":{"line":374,"column":5}},{"start":{"line":356,"column":11},"end":{"line":374,"column":5}}],"line":338},"27":{"loc":{"start":{"line":379,"column":4},"end":{"line":433,"column":5}},"type":"if","locations":[{"start":{"line":379,"column":4},"end":{"line":433,"column":5}},{"start":{"line":397,"column":9},"end":{"line":433,"column":5}}],"line":379},"28":{"loc":{"start":{"line":397,"column":9},"end":{"line":433,"column":5}},"type":"if","locations":[{"start":{"line":397,"column":9},"end":{"line":433,"column":5}},{"start":{"line":415,"column":11},"end":{"line":433,"column":5}}],"line":397},"29":{"loc":{"start":{"line":436,"column":4},"end":{"line":436,"column":34}},"type":"if","locations":[{"start":{"line":436,"column":4},"end":{"line":436,"column":34}},{"start":{},"end":{}}],"line":436}},"s":{"0":1,"1":1,"2":1,"3":1,"4":1,"5":1,"6":1,"7":1,"8":1,"9":1,"10":0,"11":0,"12":0,"13":0,"14":0,"15":0,"16":0,"17":0,"18":0,"19":0,"20":0,"21":0,"22":0,"23":0,"24":0,"25":1,"26":0,"27":0,"28":0,"29":0,"30":0,"31":0,"32":0,"33":0,"34":0,"35":0,"36":0,"37":0,"38":1,"39":0,"40":1,"41":0,"42":0,"43":0,"44":0,"45":0,"46":0,"47":0,"48":0,"49":0,"50":0,"51":0,"52":0,"53":0,"54":0,"55":0,"56":0,"57":0,"58":0,"59":0,"60":0,"61":0,"62":0,"63":0,"64":1,"65":0,"66":0,"67":0,"68":0,"69":0,"70":0,"71":1,"72":0,"73":0,"74":0,"75":0,"76":0,"77":1,"78":0,"79":0,"80":0,"81":0,"82":0,"83":0,"84":0,"85":0,"86":0,"87":0,"88":0,"89":0,"90":0,"91":0,"92":0,"93":0,"94":0,"95":0,"96":0,"97":1,"98":0,"99":0,"100":0,"101":0,"102":0,"103":0,"104":0,"105":0,"106":0,"107":0,"108":0,"109":0,"110":0,"111":0,"112":0,"113":0,"114":0,"115":0,"116":0,"117":0,"118":0,"119":0,"120":1,"121":0,"122":0,"123":0,"124":0,"125":0,"126":0,"127":0,"128":0,"129":0,"130":0,"131":0,"132":0,"133":0,"134":0,"135":0,"136":0,"137":0,"138":0,"139":0,"140":0,"141":0,"142":0},"f":{"0":1,"1":0,"2":0,"3":0,"4":0,"5":0,"6":0,"7":0,"8":0,"9":0,"10":0,"11":0,"12":0,"13":0,"14":0,"15":0,"16":0,"17":0,"18":0,"19":0},"b":{"0":[1,0],"1":[0,0],"2":[0,0],"3":[0,0],"4":[0,0],"5":[0,0],"6":[0,0],"7":[0,0],"8":[0,0],"9":[0,0],"10":[0,0],"11":[0,0],"12":[0,0],"13":[0,0],"14":[0,0],"15":[0,0],"16":[0,0],"17":[0,0],"18":[0,0],"19":[0,0],"20":[0,0],"21":[0,0],"22":[0,0],"23":[0,0],"24":[0,0],"25":[0,0],"26":[0,0],"27":[0,0],"28":[0,0],"29":[0,0]},"_coverageSchema":"1a1c01bbd47fc00a2c39e90264f33305004495a9","hash":"d31471d924373d989c1be296841013787621b96c"}
,"D:\\Typescript-Project\\game\\server\\routes\\auth.js": {"path":"D:\\Typescript-Project\\game\\server\\routes\\auth.js","statementMap":{"0":{"start":{"line":4,"column":15},"end":{"line":4,"column":31}},"1":{"start":{"line":6,"column":0},"end":{"line":6,"column":59}},"2":{"start":{"line":6,"column":27},"end":{"line":6,"column":58}},"3":{"start":{"line":7,"column":0},"end":{"line":7,"column":35}},"4":{"start":{"line":8,"column":0},"end":{"line":8,"column":29}},"5":{"start":{"line":9,"column":0},"end":{"line":9,"column":31}},"6":{"start":{"line":10,"column":0},"end":{"line":10,"column":32}},"7":{"start":{"line":11,"column":0},"end":{"line":11,"column":39}},"8":{"start":{"line":12,"column":0},"end":{"line":12,"column":53}},"9":{"start":{"line":13,"column":0},"end":{"line":13,"column":33}},"10":{"start":{"line":14,"column":0},"end":{"line":14,"column":34}},"11":{"start":{"line":15,"column":0},"end":{"line":15,"column":38}}},"fnMap":{"0":{"name":"(anonymous_0)","decl":{"start":{"line":6,"column":15},"end":{"line":6,"column":16}},"loc":{"start":{"line":6,"column":27},"end":{"line":6,"column":58}},"line":6}},"branchMap":{},"s":{"0":1,"1":1,"2":0,"3":1,"4":1,"5":1,"6":1,"7":1,"8":1,"9":1,"10":1,"11":1},"f":{"0":0},"b":{},"_coverageSchema":"1a1c01bbd47fc00a2c39e90264f33305004495a9","hash":"10dc947ee178fc3f04ad325eb98d39c1c1b0140d"}
,"D:\\Typescript-Project\\game\\server\\utils\\runQuer.js": {"path":"D:\\Typescript-Project\\game\\server\\utils\\runQuer.js","statementMap":{"0":{"start":{"line":2,"column":4},"end":{"line":2,"column":23}},"1":{"start":{"line":3,"column":4},"end":{"line":15,"column":7}},"2":{"start":{"line":4,"column":8},"end":{"line":4,"column":27}},"3":{"start":{"line":5,"column":8},"end":{"line":14,"column":11}},"4":{"start":{"line":6,"column":12},"end":{"line":13,"column":13}},"5":{"start":{"line":7,"column":16},"end":{"line":7,"column":42}},"6":{"start":{"line":8,"column":16},"end":{"line":8,"column":35}},"7":{"start":{"line":11,"column":16},"end":{"line":11,"column":43}},"8":{"start":{"line":12,"column":16},"end":{"line":12,"column":40}}},"fnMap":{"0":{"name":"runQuery","decl":{"start":{"line":1,"column":16},"end":{"line":1,"column":24}},"loc":{"start":{"line":1,"column":38},"end":{"line":17,"column":1}},"line":1},"1":{"name":"(anonymous_1)","decl":{"start":{"line":3,"column":23},"end":{"line":3,"column":24}},"loc":{"start":{"line":3,"column":44},"end":{"line":15,"column":5}},"line":3},"2":{"name":"(anonymous_2)","decl":{"start":{"line":5,"column":30},"end":{"line":5,"column":31}},"loc":{"start":{"line":5,"column":56},"end":{"line":14,"column":9}},"line":5}},"branchMap":{"0":{"loc":{"start":{"line":6,"column":12},"end":{"line":13,"column":13}},"type":"if","locations":[{"start":{"line":6,"column":12},"end":{"line":13,"column":13}},{"start":{"line":10,"column":17},"end":{"line":13,"column":13}}],"line":6}},"s":{"0":0,"1":0,"2":0,"3":0,"4":0,"5":0,"6":0,"7":0,"8":0},"f":{"0":0,"1":0,"2":0},"b":{"0":[0,0]},"_coverageSchema":"1a1c01bbd47fc00a2c39e90264f33305004495a9","hash":"6fd8e468e948baeb8f8110b293cffe9ff520c3cd"}
,"D:\\Typescript-Project\\game\\server\\websocket\\eventTypes.js": {"path":"D:\\Typescript-Project\\game\\server\\websocket\\eventTypes.js","statementMap":{"0":{"start":{"line":1,"column":24},"end":{"line":8,"column":1}}},"fnMap":{},"branchMap":{},"s":{"0":1},"f":{},"b":{},"_coverageSchema":"1a1c01bbd47fc00a2c39e90264f33305004495a9","hash":"02c113c709a1fbedd2673c5b2d0aabad0116ce64"}
,"D:\\Typescript-Project\\game\\server\\websocket\\websocket.js": {"path":"D:\\Typescript-Project\\game\\server\\websocket\\websocket.js","statementMap":{"0":{"start":{"line":6,"column":16},"end":{"line":6,"column":18}},"1":{"start":{"line":7,"column":34},"end":{"line":7,"column":36}},"2":{"start":{"line":8,"column":31},"end":{"line":8,"column":33}},"3":{"start":{"line":9,"column":35},"end":{"line":9,"column":37}},"4":{"start":{"line":12,"column":25},"end":{"line":57,"column":1}},"5":{"start":{"line":15,"column":4},"end":{"line":31,"column":5}},"6":{"start":{"line":16,"column":8},"end":{"line":30,"column":9}},"7":{"start":{"line":18,"column":25},"end":{"line":18,"column":107}},"8":{"start":{"line":20,"column":25},"end":{"line":20,"column":45}},"9":{"start":{"line":22,"column":12},"end":{"line":28,"column":14}},"10":{"start":{"line":23,"column":29},"end":{"line":23,"column":40}},"11":{"start":{"line":25,"column":16},"end":{"line":27,"column":17}},"12":{"start":{"line":26,"column":20},"end":{"line":26,"column":36}},"13":{"start":{"line":35,"column":4},"end":{"line":55,"column":5}},"14":{"start":{"line":37,"column":8},"end":{"line":54,"column":9}},"15":{"start":{"line":44,"column":25},"end":{"line":44,"column":113}},"16":{"start":{"line":45,"column":25},"end":{"line":45,"column":45}},"17":{"start":{"line":47,"column":12},"end":{"line":52,"column":14}},"18":{"start":{"line":48,"column":29},"end":{"line":48,"column":40}},"19":{"start":{"line":49,"column":16},"end":{"line":51,"column":17}},"20":{"start":{"line":50,"column":20},"end":{"line":50,"column":36}},"21":{"start":{"line":62,"column":29},"end":{"line":329,"column":1}},"22":{"start":{"line":64,"column":4},"end":{"line":64,"column":33}},"23":{"start":{"line":68,"column":27},"end":{"line":68,"column":46}},"24":{"start":{"line":71,"column":4},"end":{"line":328,"column":5}},"25":{"start":{"line":72,"column":22},"end":{"line":72,"column":42}},"26":{"start":{"line":73,"column":18},"end":{"line":73,"column":40}},"27":{"start":{"line":74,"column":22},"end":{"line":74,"column":26}},"28":{"start":{"line":78,"column":8},"end":{"line":104,"column":9}},"29":{"start":{"line":79,"column":12},"end":{"line":79,"column":31}},"30":{"start":{"line":81,"column":12},"end":{"line":88,"column":13}},"31":{"start":{"line":89,"column":12},"end":{"line":89,"column":36}},"32":{"start":{"line":95,"column":12},"end":{"line":102,"column":13}},"33":{"start":{"line":97,"column":16},"end":{"line":101,"column":17}},"34":{"start":{"line":98,"column":20},"end":{"line":98,"column":37}},"35":{"start":{"line":99,"column":20},"end":{"line":99,"column":50}},"36":{"start":{"line":100,"column":20},"end":{"line":100,"column":26}},"37":{"start":{"line":105,"column":8},"end":{"line":105,"column":40}},"38":{"start":{"line":109,"column":8},"end":{"line":120,"column":9}},"39":{"start":{"line":110,"column":12},"end":{"line":110,"column":31}},"40":{"start":{"line":111,"column":12},"end":{"line":119,"column":13}},"41":{"start":{"line":122,"column":8},"end":{"line":122,"column":62}},"42":{"start":{"line":123,"column":8},"end":{"line":123,"column":59}},"43":{"start":{"line":124,"column":8},"end":{"line":124,"column":53}},"44":{"start":{"line":125,"column":8},"end":{"line":125,"column":52}},"45":{"start":{"line":126,"column":8},"end":{"line":126,"column":67}},"46":{"start":{"line":128,"column":9},"end":{"line":328,"column":5}},"47":{"start":{"line":131,"column":22},"end":{"line":131,"column":42}},"48":{"start":{"line":132,"column":22},"end":{"line":132,"column":26}},"49":{"start":{"line":133,"column":18},"end":{"line":133,"column":40}},"50":{"start":{"line":136,"column":8},"end":{"line":165,"column":9}},"51":{"start":{"line":137,"column":12},"end":{"line":137,"column":31}},"52":{"start":{"line":139,"column":12},"end":{"line":147,"column":13}},"53":{"start":{"line":148,"column":12},"end":{"line":148,"column":32}},"54":{"start":{"line":155,"column":12},"end":{"line":162,"column":13}},"55":{"start":{"line":157,"column":16},"end":{"line":161,"column":17}},"56":{"start":{"line":158,"column":20},"end":{"line":158,"column":37}},"57":{"start":{"line":159,"column":20},"end":{"line":159,"column":50}},"58":{"start":{"line":160,"column":20},"end":{"line":160,"column":26}},"59":{"start":{"line":169,"column":8},"end":{"line":180,"column":9}},"60":{"start":{"line":170,"column":12},"end":{"line":170,"column":31}},"61":{"start":{"line":171,"column":12},"end":{"line":179,"column":13}},"62":{"start":{"line":184,"column":8},"end":{"line":184,"column":66}},"63":{"start":{"line":185,"column":8},"end":{"line":185,"column":63}},"64":{"start":{"line":186,"column":8},"end":{"line":186,"column":57}},"65":{"start":{"line":187,"column":8},"end":{"line":187,"column":52}},"66":{"start":{"line":188,"column":8},"end":{"line":188,"column":67}},"67":{"start":{"line":191,"column":9},"end":{"line":328,"column":5}},"68":{"start":{"line":192,"column":24},"end":{"line":192,"column":46}},"69":{"start":{"line":193,"column":24},"end":{"line":193,"column":46}},"70":{"start":{"line":194,"column":24},"end":{"line":194,"column":46}},"71":{"start":{"line":195,"column":25},"end":{"line":195,"column":48}},"72":{"start":{"line":197,"column":20},"end":{"line":197,"column":24}},"73":{"start":{"line":198,"column":8},"end":{"line":231,"column":9}},"74":{"start":{"line":200,"column":12},"end":{"line":200,"column":46}},"75":{"start":{"line":202,"column":12},"end":{"line":213,"column":13}},"76":{"start":{"line":203,"column":16},"end":{"line":203,"column":80}},"77":{"start":{"line":205,"column":16},"end":{"line":212,"column":17}},"78":{"start":{"line":206,"column":20},"end":{"line":206,"column":67}},"79":{"start":{"line":207,"column":20},"end":{"line":207,"column":86}},"80":{"start":{"line":210,"column":20},"end":{"line":210,"column":65}},"81":{"start":{"line":211,"column":20},"end":{"line":211,"column":83}},"82":{"start":{"line":216,"column":13},"end":{"line":231,"column":9}},"83":{"start":{"line":217,"column":12},"end":{"line":217,"column":51}},"84":{"start":{"line":219,"column":12},"end":{"line":230,"column":13}},"85":{"start":{"line":220,"column":16},"end":{"line":220,"column":84}},"86":{"start":{"line":222,"column":16},"end":{"line":229,"column":17}},"87":{"start":{"line":223,"column":20},"end":{"line":223,"column":71}},"88":{"start":{"line":224,"column":20},"end":{"line":224,"column":90}},"89":{"start":{"line":227,"column":20},"end":{"line":227,"column":69}},"90":{"start":{"line":228,"column":20},"end":{"line":228,"column":87}},"91":{"start":{"line":234,"column":8},"end":{"line":234,"column":53}},"92":{"start":{"line":237,"column":9},"end":{"line":328,"column":5}},"93":{"start":{"line":238,"column":18},"end":{"line":238,"column":34}},"94":{"start":{"line":239,"column":18},"end":{"line":239,"column":34}},"95":{"start":{"line":240,"column":24},"end":{"line":240,"column":46}},"96":{"start":{"line":242,"column":20},"end":{"line":242,"column":24}},"97":{"start":{"line":243,"column":8},"end":{"line":265,"column":9}},"98":{"start":{"line":245,"column":12},"end":{"line":245,"column":46}},"99":{"start":{"line":247,"column":12},"end":{"line":252,"column":13}},"100":{"start":{"line":248,"column":16},"end":{"line":248,"column":59}},"101":{"start":{"line":249,"column":16},"end":{"line":249,"column":66}},"102":{"start":{"line":251,"column":16},"end":{"line":251,"column":66}},"103":{"start":{"line":255,"column":13},"end":{"line":265,"column":9}},"104":{"start":{"line":256,"column":12},"end":{"line":256,"column":51}},"105":{"start":{"line":259,"column":12},"end":{"line":264,"column":13}},"106":{"start":{"line":260,"column":16},"end":{"line":260,"column":63}},"107":{"start":{"line":261,"column":16},"end":{"line":261,"column":70}},"108":{"start":{"line":263,"column":16},"end":{"line":263,"column":70}},"109":{"start":{"line":268,"column":8},"end":{"line":268,"column":53}},"110":{"start":{"line":271,"column":9},"end":{"line":328,"column":5}},"111":{"start":{"line":272,"column":24},"end":{"line":272,"column":46}},"112":{"start":{"line":273,"column":26},"end":{"line":273,"column":45}},"113":{"start":{"line":274,"column":27},"end":{"line":274,"column":47}},"114":{"start":{"line":276,"column":20},"end":{"line":276,"column":24}},"115":{"start":{"line":277,"column":8},"end":{"line":300,"column":9}},"116":{"start":{"line":279,"column":12},"end":{"line":279,"column":46}},"117":{"start":{"line":282,"column":12},"end":{"line":287,"column":13}},"118":{"start":{"line":283,"column":16},"end":{"line":283,"column":60}},"119":{"start":{"line":284,"column":16},"end":{"line":284,"column":84}},"120":{"start":{"line":286,"column":16},"end":{"line":286,"column":84}},"121":{"start":{"line":289,"column":13},"end":{"line":300,"column":9}},"122":{"start":{"line":290,"column":12},"end":{"line":290,"column":51}},"123":{"start":{"line":294,"column":12},"end":{"line":299,"column":13}},"124":{"start":{"line":295,"column":16},"end":{"line":295,"column":64}},"125":{"start":{"line":296,"column":16},"end":{"line":296,"column":88}},"126":{"start":{"line":298,"column":16},"end":{"line":298,"column":88}},"127":{"start":{"line":302,"column":8},"end":{"line":302,"column":53}},"128":{"start":{"line":305,"column":11},"end":{"line":328,"column":5}},"129":{"start":{"line":307,"column":24},"end":{"line":307,"column":46}},"130":{"start":{"line":308,"column":20},"end":{"line":308,"column":24}},"131":{"start":{"line":309,"column":21},"end":{"line":309,"column":46}},"132":{"start":{"line":311,"column":8},"end":{"line":326,"column":9}},"133":{"start":{"line":313,"column":12},"end":{"line":313,"column":47}},"134":{"start":{"line":314,"column":12},"end":{"line":317,"column":14}},"135":{"start":{"line":315,"column":12},"end":{"line":317,"column":14}},"136":{"start":{"line":316,"column":16},"end":{"line":316,"column":37}},"137":{"start":{"line":320,"column":12},"end":{"line":320,"column":51}},"138":{"start":{"line":321,"column":12},"end":{"line":324,"column":14}},"139":{"start":{"line":322,"column":12},"end":{"line":324,"column":14}},"140":{"start":{"line":323,"column":16},"end":{"line":323,"column":37}},"141":{"start":{"line":335,"column":32},"end":{"line":374,"column":1}},"142":{"start":{"line":336,"column":4},"end":{"line":336,"column":75}},"143":{"start":{"line":336,"column":68},"end":{"line":336,"column":75}},"144":{"start":{"line":338,"column":4},"end":{"line":338,"column":43}},"145":{"start":{"line":339,"column":20},"end":{"line":339,"column":53}},"146":{"start":{"line":340,"column":16},"end":{"line":340,"column":20}},"147":{"start":{"line":341,"column":17},"end":{"line":341,"column":42}},"148":{"start":{"line":344,"column":4},"end":{"line":370,"column":5}},"149":{"start":{"line":346,"column":8},"end":{"line":346,"column":43}},"150":{"start":{"line":347,"column":20},"end":{"line":347,"column":95}},"151":{"start":{"line":347,"column":80},"end":{"line":347,"column":94}},"152":{"start":{"line":349,"column":8},"end":{"line":349,"column":52}},"153":{"start":{"line":350,"column":8},"end":{"line":350,"column":120}},"154":{"start":{"line":350,"column":106},"end":{"line":350,"column":118}},"155":{"start":{"line":351,"column":8},"end":{"line":351,"column":49}},"156":{"start":{"line":352,"column":8},"end":{"line":352,"column":38}},"157":{"start":{"line":354,"column":8},"end":{"line":354,"column":124}},"158":{"start":{"line":354,"column":110},"end":{"line":354,"column":122}},"159":{"start":{"line":355,"column":8},"end":{"line":355,"column":106}},"160":{"start":{"line":355,"column":67},"end":{"line":355,"column":106}},"161":{"start":{"line":360,"column":8},"end":{"line":360,"column":47}},"162":{"start":{"line":361,"column":20},"end":{"line":361,"column":99}},"163":{"start":{"line":361,"column":84},"end":{"line":361,"column":98}},"164":{"start":{"line":363,"column":8},"end":{"line":363,"column":56}},"165":{"start":{"line":364,"column":8},"end":{"line":364,"column":128}},"166":{"start":{"line":364,"column":114},"end":{"line":364,"column":126}},"167":{"start":{"line":365,"column":8},"end":{"line":365,"column":53}},"168":{"start":{"line":366,"column":8},"end":{"line":366,"column":38}},"169":{"start":{"line":368,"column":8},"end":{"line":368,"column":132}},"170":{"start":{"line":368,"column":118},"end":{"line":368,"column":130}},"171":{"start":{"line":369,"column":8},"end":{"line":369,"column":114}},"172":{"start":{"line":369,"column":71},"end":{"line":369,"column":114}},"173":{"start":{"line":372,"column":4},"end":{"line":372,"column":45}},"174":{"start":{"line":373,"column":4},"end":{"line":373,"column":27}}},"fnMap":{"0":{"name":"(anonymous_0)","decl":{"start":{"line":12,"column":25},"end":{"line":12,"column":26}},"loc":{"start":{"line":12,"column":44},"end":{"line":57,"column":1}},"line":12},"1":{"name":"(anonymous_1)","decl":{"start":{"line":22,"column":56},"end":{"line":22,"column":57}},"loc":{"start":{"line":22,"column":64},"end":{"line":28,"column":13}},"line":22},"2":{"name":"(anonymous_2)","decl":{"start":{"line":47,"column":60},"end":{"line":47,"column":61}},"loc":{"start":{"line":47,"column":68},"end":{"line":52,"column":13}},"line":47},"3":{"name":"(anonymous_3)","decl":{"start":{"line":62,"column":29},"end":{"line":62,"column":30}},"loc":{"start":{"line":62,"column":62},"end":{"line":329,"column":1}},"line":62},"4":{"name":"(anonymous_4)","decl":{"start":{"line":315,"column":57},"end":{"line":315,"column":58}},"loc":{"start":{"line":315,"column":63},"end":{"line":317,"column":13}},"line":315},"5":{"name":"(anonymous_5)","decl":{"start":{"line":322,"column":61},"end":{"line":322,"column":62}},"loc":{"start":{"line":322,"column":67},"end":{"line":324,"column":13}},"line":322},"6":{"name":"(anonymous_6)","decl":{"start":{"line":335,"column":32},"end":{"line":335,"column":33}},"loc":{"start":{"line":335,"column":44},"end":{"line":374,"column":1}},"line":335},"7":{"name":"(anonymous_7)","decl":{"start":{"line":347,"column":71},"end":{"line":347,"column":72}},"loc":{"start":{"line":347,"column":80},"end":{"line":347,"column":94}},"line":347},"8":{"name":"(anonymous_8)","decl":{"start":{"line":350,"column":95},"end":{"line":350,"column":96}},"loc":{"start":{"line":350,"column":106},"end":{"line":350,"column":118}},"line":350},"9":{"name":"(anonymous_9)","decl":{"start":{"line":354,"column":99},"end":{"line":354,"column":100}},"loc":{"start":{"line":354,"column":110},"end":{"line":354,"column":122}},"line":354},"10":{"name":"(anonymous_10)","decl":{"start":{"line":361,"column":75},"end":{"line":361,"column":76}},"loc":{"start":{"line":361,"column":84},"end":{"line":361,"column":98}},"line":361},"11":{"name":"(anonymous_11)","decl":{"start":{"line":364,"column":103},"end":{"line":364,"column":104}},"loc":{"start":{"line":364,"column":114},"end":{"line":364,"column":126}},"line":364},"12":{"name":"(anonymous_12)","decl":{"start":{"line":368,"column":107},"end":{"line":368,"column":108}},"loc":{"start":{"line":368,"column":118},"end":{"line":368,"column":130}},"line":368}},"branchMap":{"0":{"loc":{"start":{"line":15,"column":4},"end":{"line":31,"column":5}},"type":"if","locations":[{"start":{"line":15,"column":4},"end":{"line":31,"column":5}},{"start":{},"end":{}}],"line":15},"1":{"loc":{"start":{"line":25,"column":16},"end":{"line":27,"column":17}},"type":"if","locations":[{"start":{"line":25,"column":16},"end":{"line":27,"column":17}},{"start":{},"end":{}}],"line":25},"2":{"loc":{"start":{"line":35,"column":4},"end":{"line":55,"column":5}},"type":"if","locations":[{"start":{"line":35,"column":4},"end":{"line":55,"column":5}},{"start":{},"end":{}}],"line":35},"3":{"loc":{"start":{"line":49,"column":16},"end":{"line":51,"column":17}},"type":"if","locations":[{"start":{"line":49,"column":16},"end":{"line":51,"column":17}},{"start":{},"end":{}}],"line":49},"4":{"loc":{"start":{"line":71,"column":4},"end":{"line":328,"column":5}},"type":"if","locations":[{"start":{"line":71,"column":4},"end":{"line":328,"column":5}},{"start":{"line":128,"column":9},"end":{"line":328,"column":5}}],"line":71},"5":{"loc":{"start":{"line":78,"column":8},"end":{"line":104,"column":9}},"type":"if","locations":[{"start":{"line":78,"column":8},"end":{"line":104,"column":9}},{"start":{"line":91,"column":13},"end":{"line":104,"column":9}}],"line":78},"6":{"loc":{"start":{"line":97,"column":16},"end":{"line":101,"column":17}},"type":"if","locations":[{"start":{"line":97,"column":16},"end":{"line":101,"column":17}},{"start":{},"end":{}}],"line":97},"7":{"loc":{"start":{"line":109,"column":8},"end":{"line":120,"column":9}},"type":"if","locations":[{"start":{"line":109,"column":8},"end":{"line":120,"column":9}},{"start":{},"end":{}}],"line":109},"8":{"loc":{"start":{"line":128,"column":9},"end":{"line":328,"column":5}},"type":"if","locations":[{"start":{"line":128,"column":9},"end":{"line":328,"column":5}},{"start":{"line":191,"column":9},"end":{"line":328,"column":5}}],"line":128},"9":{"loc":{"start":{"line":136,"column":8},"end":{"line":165,"column":9}},"type":"if","locations":[{"start":{"line":136,"column":8},"end":{"line":165,"column":9}},{"start":{"line":150,"column":13},"end":{"line":165,"column":9}}],"line":136},"10":{"loc":{"start":{"line":157,"column":16},"end":{"line":161,"column":17}},"type":"if","locations":[{"start":{"line":157,"column":16},"end":{"line":161,"column":17}},{"start":{},"end":{}}],"line":157},"11":{"loc":{"start":{"line":169,"column":8},"end":{"line":180,"column":9}},"type":"if","locations":[{"start":{"line":169,"column":8},"end":{"line":180,"column":9}},{"start":{},"end":{}}],"line":169},"12":{"loc":{"start":{"line":191,"column":9},"end":{"line":328,"column":5}},"type":"if","locations":[{"start":{"line":191,"column":9},"end":{"line":328,"column":5}},{"start":{"line":237,"column":9},"end":{"line":328,"column":5}}],"line":191},"13":{"loc":{"start":{"line":198,"column":8},"end":{"line":231,"column":9}},"type":"if","locations":[{"start":{"line":198,"column":8},"end":{"line":231,"column":9}},{"start":{"line":216,"column":13},"end":{"line":231,"column":9}}],"line":198},"14":{"loc":{"start":{"line":202,"column":12},"end":{"line":213,"column":13}},"type":"if","locations":[{"start":{"line":202,"column":12},"end":{"line":213,"column":13}},{"start":{"line":204,"column":17},"end":{"line":213,"column":13}}],"line":202},"15":{"loc":{"start":{"line":205,"column":16},"end":{"line":212,"column":17}},"type":"if","locations":[{"start":{"line":205,"column":16},"end":{"line":212,"column":17}},{"start":{"line":209,"column":21},"end":{"line":212,"column":17}}],"line":205},"16":{"loc":{"start":{"line":216,"column":13},"end":{"line":231,"column":9}},"type":"if","locations":[{"start":{"line":216,"column":13},"end":{"line":231,"column":9}},{"start":{},"end":{}}],"line":216},"17":{"loc":{"start":{"line":219,"column":12},"end":{"line":230,"column":13}},"type":"if","locations":[{"start":{"line":219,"column":12},"end":{"line":230,"column":13}},{"start":{"line":221,"column":17},"end":{"line":230,"column":13}}],"line":219},"18":{"loc":{"start":{"line":222,"column":16},"end":{"line":229,"column":17}},"type":"if","locations":[{"start":{"line":222,"column":16},"end":{"line":229,"column":17}},{"start":{"line":226,"column":21},"end":{"line":229,"column":17}}],"line":222},"19":{"loc":{"start":{"line":237,"column":9},"end":{"line":328,"column":5}},"type":"if","locations":[{"start":{"line":237,"column":9},"end":{"line":328,"column":5}},{"start":{"line":271,"column":9},"end":{"line":328,"column":5}}],"line":237},"20":{"loc":{"start":{"line":243,"column":8},"end":{"line":265,"column":9}},"type":"if","locations":[{"start":{"line":243,"column":8},"end":{"line":265,"column":9}},{"start":{"line":255,"column":13},"end":{"line":265,"column":9}}],"line":243},"21":{"loc":{"start":{"line":247,"column":12},"end":{"line":252,"column":13}},"type":"if","locations":[{"start":{"line":247,"column":12},"end":{"line":252,"column":13}},{"start":{"line":250,"column":19},"end":{"line":252,"column":13}}],"line":247},"22":{"loc":{"start":{"line":255,"column":13},"end":{"line":265,"column":9}},"type":"if","locations":[{"start":{"line":255,"column":13},"end":{"line":265,"column":9}},{"start":{},"end":{}}],"line":255},"23":{"loc":{"start":{"line":259,"column":12},"end":{"line":264,"column":13}},"type":"if","locations":[{"start":{"line":259,"column":12},"end":{"line":264,"column":13}},{"start":{"line":262,"column":19},"end":{"line":264,"column":13}}],"line":259},"24":{"loc":{"start":{"line":271,"column":9},"end":{"line":328,"column":5}},"type":"if","locations":[{"start":{"line":271,"column":9},"end":{"line":328,"column":5}},{"start":{"line":305,"column":11},"end":{"line":328,"column":5}}],"line":271},"25":{"loc":{"start":{"line":277,"column":8},"end":{"line":300,"column":9}},"type":"if","locations":[{"start":{"line":277,"column":8},"end":{"line":300,"column":9}},{"start":{"line":289,"column":13},"end":{"line":300,"column":9}}],"line":277},"26":{"loc":{"start":{"line":282,"column":12},"end":{"line":287,"column":13}},"type":"if","locations":[{"start":{"line":282,"column":12},"end":{"line":287,"column":13}},{"start":{"line":285,"column":19},"end":{"line":287,"column":13}}],"line":282},"27":{"loc":{"start":{"line":289,"column":13},"end":{"line":300,"column":9}},"type":"if","locations":[{"start":{"line":289,"column":13},"end":{"line":300,"column":9}},{"start":{},"end":{}}],"line":289},"28":{"loc":{"start":{"line":294,"column":12},"end":{"line":299,"column":13}},"type":"if","locations":[{"start":{"line":294,"column":12},"end":{"line":299,"column":13}},{"start":{"line":297,"column":19},"end":{"line":299,"column":13}}],"line":294},"29":{"loc":{"start":{"line":305,"column":11},"end":{"line":328,"column":5}},"type":"if","locations":[{"start":{"line":305,"column":11},"end":{"line":328,"column":5}},{"start":{},"end":{}}],"line":305},"30":{"loc":{"start":{"line":311,"column":8},"end":{"line":326,"column":9}},"type":"if","locations":[{"start":{"line":311,"column":8},"end":{"line":326,"column":9}},{"start":{"line":319,"column":15},"end":{"line":326,"column":9}}],"line":311},"31":{"loc":{"start":{"line":314,"column":12},"end":{"line":317,"column":14}},"type":"if","locations":[{"start":{"line":314,"column":12},"end":{"line":317,"column":14}},{"start":{},"end":{}}],"line":314},"32":{"loc":{"start":{"line":321,"column":12},"end":{"line":324,"column":14}},"type":"if","locations":[{"start":{"line":321,"column":12},"end":{"line":324,"column":14}},{"start":{},"end":{}}],"line":321},"33":{"loc":{"start":{"line":336,"column":4},"end":{"line":336,"column":75}},"type":"if","locations":[{"start":{"line":336,"column":4},"end":{"line":336,"column":75}},{"start":{},"end":{}}],"line":336},"34":{"loc":{"start":{"line":344,"column":4},"end":{"line":370,"column":5}},"type":"if","locations":[{"start":{"line":344,"column":4},"end":{"line":370,"column":5}},{"start":{"line":359,"column":11},"end":{"line":370,"column":5}}],"line":344},"35":{"loc":{"start":{"line":355,"column":8},"end":{"line":355,"column":106}},"type":"if","locations":[{"start":{"line":355,"column":8},"end":{"line":355,"column":106}},{"start":{},"end":{}}],"line":355},"36":{"loc":{"start":{"line":369,"column":8},"end":{"line":369,"column":114}},"type":"if","locations":[{"start":{"line":369,"column":8},"end":{"line":369,"column":114}},{"start":{},"end":{}}],"line":369}},"s":{"0":1,"1":1,"2":1,"3":1,"4":1,"5":0,"6":0,"7":0,"8":0,"9":0,"10":0,"11":0,"12":0,"13":0,"14":0,"15":0,"16":0,"17":0,"18":0,"19":0,"20":0,"21":1,"22":0,"23":0,"24":0,"25":0,"26":0,"27":0,"28":0,"29":0,"30":0,"31":0,"32":0,"33":0,"34":0,"35":0,"36":0,"37":0,"38":0,"39":0,"40":0,"41":0,"42":0,"43":0,"44":0,"45":0,"46":0,"47":0,"48":0,"49":0,"50":0,"51":0,"52":0,"53":0,"54":0,"55":0,"56":0,"57":0,"58":0,"59":0,"60":0,"61":0,"62":0,"63":0,"64":0,"65":0,"66":0,"67":0,"68":0,"69":0,"70":0,"71":0,"72":0,"73":0,"74":0,"75":0,"76":0,"77":0,"78":0,"79":0,"80":0,"81":0,"82":0,"83":0,"84":0,"85":0,"86":0,"87":0,"88":0,"89":0,"90":0,"91":0,"92":0,"93":0,"94":0,"95":0,"96":0,"97":0,"98":0,"99":0,"100":0,"101":0,"102":0,"103":0,"104":0,"105":0,"106":0,"107":0,"108":0,"109":0,"110":0,"111":0,"112":0,"113":0,"114":0,"115":0,"116":0,"117":0,"118":0,"119":0,"120":0,"121":0,"122":0,"123":0,"124":0,"125":0,"126":0,"127":0,"128":0,"129":0,"130":0,"131":0,"132":0,"133":0,"134":0,"135":0,"136":0,"137":0,"138":0,"139":0,"140":0,"141":1,"142":0,"143":0,"144":0,"145":0,"146":0,"147":0,"148":0,"149":0,"150":0,"151":0,"152":0,"153":0,"154":0,"155":0,"156":0,"157":0,"158":0,"159":0,"160":0,"161":0,"162":0,"163":0,"164":0,"165":0,"166":0,"167":0,"168":0,"169":0,"170":0,"171":0,"172":0,"173":0,"174":0},"f":{"0":0,"1":0,"2":0,"3":0,"4":0,"5":0,"6":0,"7":0,"8":0,"9":0,"10":0,"11":0,"12":0},"b":{"0":[0,0],"1":[0,0],"2":[0,0],"3":[0,0],"4":[0,0],"5":[0,0],"6":[0,0],"7":[0,0],"8":[0,0],"9":[0,0],"10":[0,0],"11":[0,0],"12":[0,0],"13":[0,0],"14":[0,0],"15":[0,0],"16":[0,0],"17":[0,0],"18":[0,0],"19":[0,0],"20":[0,0],"21":[0,0],"22":[0,0],"23":[0,0],"24":[0,0],"25":[0,0],"26":[0,0],"27":[0,0],"28":[0,0],"29":[0,0],"30":[0,0],"31":[0,0],"32":[0,0],"33":[0,0],"34":[0,0],"35":[0,0],"36":[0,0]},"_coverageSchema":"1a1c01bbd47fc00a2c39e90264f33305004495a9","hash":"f4c94fb79d7101f14a92a91854eebaa37f8cb889"}
}
